 - - [03/Nov/2023:10:23:38 +0100] "GET /scenario/ HTTP/1.1" 200 13389 "http://localhost:5000/scenario/" "Mozilla/5.0 (Macintosh; Intel Mac OS X 10_15_7) AppleWebKit/605.1.15 (KHTML, like Gecko) Version/17.1 Safari/605.1.15"
 - - [03/Nov/2023:10:23:42 +0100] "GET /scenario/ HTTP/1.1" 200 13389 "http://localhost:5000/scenario/" "Mozilla/5.0 (Macintosh; Intel Mac OS X 10_15_7) AppleWebKit/605.1.15 (KHTML, like Gecko) Version/17.1 Safari/605.1.15"
 - - [03/Nov/2023:10:23:45 +0100] "GET / HTTP/1.1" 200 41005 "http://localhost:5000/scenario/" "Mozilla/5.0 (Macintosh; Intel Mac OS X 10_15_7) AppleWebKit/605.1.15 (KHTML, like Gecko) Version/17.1 Safari/605.1.15"
 - - [03/Nov/2023:10:25:31 +0100] "GET /scenario/ HTTP/1.1" 200 13389 "http://localhost:5000/" "Mozilla/5.0 (Macintosh; Intel Mac OS X 10_15_7) AppleWebKit/605.1.15 (KHTML, like Gecko) Version/17.1 Safari/605.1.15"
 - - [03/Nov/2023:10:25:32 +0100] "GET /scenario/deployment/ HTTP/1.1" 200 78589 "http://localhost:5000/scenario/" "Mozilla/5.0 (Macintosh; Intel Mac OS X 10_15_7) AppleWebKit/605.1.15 (KHTML, like Gecko) Version/17.1 Safari/605.1.15"
 - - [03/Nov/2023:10:25:46 +0100] "POST /scenario/deployment/run HTTP/1.1" 302 207 "http://localhost:5000/scenario/deployment/" "Mozilla/5.0 (Macintosh; Intel Mac OS X 10_15_7) AppleWebKit/605.1.15 (KHTML, like Gecko) Version/17.1 Safari/605.1.15"
 - - [03/Nov/2023:10:25:46 +0100] "GET /scenario/ HTTP/1.1" 200 15834 "http://localhost:5000/scenario/deployment/" "Mozilla/5.0 (Macintosh; Intel Mac OS X 10_15_7) AppleWebKit/605.1.15 (KHTML, like Gecko) Version/17.1 Safari/605.1.15"
 - - [03/Nov/2023:10:25:50 +0100] "POST /scenario/fedstellar_DFL_03_11_2023_10_25_45/node/update HTTP/1.1" 200 25 "-" "python-requests/2.31.0"
 - - [03/Nov/2023:10:25:50 +0100] "POST /scenario/fedstellar_DFL_03_11_2023_10_25_45/node/update HTTP/1.1" 200 25 "-" "python-requests/2.31.0"
 - - [03/Nov/2023:10:25:50 +0100] "POST /scenario/fedstellar_DFL_03_11_2023_10_25_45/node/update HTTP/1.1" 200 25 "-" "python-requests/2.31.0"
 - - [03/Nov/2023:10:25:55 +0100] "POST /scenario/fedstellar_DFL_03_11_2023_10_25_45/node/update HTTP/1.1" 200 25 "-" "python-requests/2.31.0"
 - - [03/Nov/2023:10:25:55 +0100] "POST /scenario/fedstellar_DFL_03_11_2023_10_25_45/node/update HTTP/1.1" 200 25 "-" "python-requests/2.31.0"
 - - [03/Nov/2023:10:25:55 +0100] "POST /scenario/fedstellar_DFL_03_11_2023_10_25_45/node/update HTTP/1.1" 200 25 "-" "python-requests/2.31.0"
 - - [03/Nov/2023:10:25:56 +0100] "GET /scenario/ HTTP/1.1" 200 15834 "http://localhost:5000/scenario/deployment/" "Mozilla/5.0 (Macintosh; Intel Mac OS X 10_15_7) AppleWebKit/605.1.15 (KHTML, like Gecko) Version/17.1 Safari/605.1.15"
 - - [03/Nov/2023:10:26:01 +0100] "POST /scenario/fedstellar_DFL_03_11_2023_10_25_45/node/update HTTP/1.1" 200 25 "-" "python-requests/2.31.0"
 - - [03/Nov/2023:10:26:01 +0100] "POST /scenario/fedstellar_DFL_03_11_2023_10_25_45/node/update HTTP/1.1" 200 25 "-" "python-requests/2.31.0"
 - - [03/Nov/2023:10:26:01 +0100] "POST /scenario/fedstellar_DFL_03_11_2023_10_25_45/node/update HTTP/1.1" 200 25 "-" "python-requests/2.31.0"
 - - [03/Nov/2023:10:26:06 +0100] "POST /scenario/fedstellar_DFL_03_11_2023_10_25_45/node/update HTTP/1.1" 200 25 "-" "python-requests/2.31.0"
 - - [03/Nov/2023:10:26:06 +0100] "POST /scenario/fedstellar_DFL_03_11_2023_10_25_45/node/update HTTP/1.1" 200 25 "-" "python-requests/2.31.0"
 - - [03/Nov/2023:10:26:06 +0100] "POST /scenario/fedstellar_DFL_03_11_2023_10_25_45/node/update HTTP/1.1" 200 25 "-" "python-requests/2.31.0"
 - - [03/Nov/2023:10:26:11 +0100] "POST /scenario/fedstellar_DFL_03_11_2023_10_25_45/node/update HTTP/1.1" 200 25 "-" "python-requests/2.31.0"
 - - [03/Nov/2023:10:26:11 +0100] "POST /scenario/fedstellar_DFL_03_11_2023_10_25_45/node/update HTTP/1.1" 200 25 "-" "python-requests/2.31.0"
 - - [03/Nov/2023:10:26:11 +0100] "POST /scenario/fedstellar_DFL_03_11_2023_10_25_45/node/update HTTP/1.1" 200 25 "-" "python-requests/2.31.0"
 - - [03/Nov/2023:10:26:16 +0100] "POST /scenario/fedstellar_DFL_03_11_2023_10_25_45/node/update HTTP/1.1" 200 25 "-" "python-requests/2.31.0"
 - - [03/Nov/2023:10:26:16 +0100] "POST /scenario/fedstellar_DFL_03_11_2023_10_25_45/node/update HTTP/1.1" 200 25 "-" "python-requests/2.31.0"
 - - [03/Nov/2023:10:26:16 +0100] "POST /scenario/fedstellar_DFL_03_11_2023_10_25_45/node/update HTTP/1.1" 200 25 "-" "python-requests/2.31.0"
 - - [03/Nov/2023:10:26:21 +0100] "POST /scenario/fedstellar_DFL_03_11_2023_10_25_45/node/update HTTP/1.1" 200 25 "-" "python-requests/2.31.0"
 - - [03/Nov/2023:10:26:21 +0100] "POST /scenario/fedstellar_DFL_03_11_2023_10_25_45/node/update HTTP/1.1" 200 25 "-" "python-requests/2.31.0"
 - - [03/Nov/2023:10:26:21 +0100] "POST /scenario/fedstellar_DFL_03_11_2023_10_25_45/node/update HTTP/1.1" 200 25 "-" "python-requests/2.31.0"
 - - [03/Nov/2023:10:26:26 +0100] "POST /scenario/fedstellar_DFL_03_11_2023_10_25_45/node/update HTTP/1.1" 200 25 "-" "python-requests/2.31.0"
 - - [03/Nov/2023:10:26:26 +0100] "POST /scenario/fedstellar_DFL_03_11_2023_10_25_45/node/update HTTP/1.1" 200 25 "-" "python-requests/2.31.0"
 - - [03/Nov/2023:10:26:26 +0100] "POST /scenario/fedstellar_DFL_03_11_2023_10_25_45/node/update HTTP/1.1" 200 25 "-" "python-requests/2.31.0"
 - - [03/Nov/2023:10:26:31 +0100] "POST /scenario/fedstellar_DFL_03_11_2023_10_25_45/node/update HTTP/1.1" 200 25 "-" "python-requests/2.31.0"
 - - [03/Nov/2023:10:26:31 +0100] "POST /scenario/fedstellar_DFL_03_11_2023_10_25_45/node/update HTTP/1.1" 200 25 "-" "python-requests/2.31.0"
 - - [03/Nov/2023:10:26:31 +0100] "POST /scenario/fedstellar_DFL_03_11_2023_10_25_45/node/update HTTP/1.1" 200 25 "-" "python-requests/2.31.0"
 - - [03/Nov/2023:10:26:36 +0100] "POST /scenario/fedstellar_DFL_03_11_2023_10_25_45/node/update HTTP/1.1" 200 25 "-" "python-requests/2.31.0"
 - - [03/Nov/2023:10:26:36 +0100] "POST /scenario/fedstellar_DFL_03_11_2023_10_25_45/node/update HTTP/1.1" 200 25 "-" "python-requests/2.31.0"
 - - [03/Nov/2023:10:26:36 +0100] "POST /scenario/fedstellar_DFL_03_11_2023_10_25_45/node/update HTTP/1.1" 200 25 "-" "python-requests/2.31.0"
 - - [03/Nov/2023:10:26:41 +0100] "POST /scenario/fedstellar_DFL_03_11_2023_10_25_45/node/update HTTP/1.1" 200 25 "-" "python-requests/2.31.0"
 - - [03/Nov/2023:10:26:41 +0100] "POST /scenario/fedstellar_DFL_03_11_2023_10_25_45/node/update HTTP/1.1" 200 25 "-" "python-requests/2.31.0"
 - - [03/Nov/2023:10:26:41 +0100] "POST /scenario/fedstellar_DFL_03_11_2023_10_25_45/node/update HTTP/1.1" 200 25 "-" "python-requests/2.31.0"
 - - [03/Nov/2023:10:26:46 +0100] "GET /scenario/fedstellar_DFL_03_11_2023_10_25_45/statistics/ HTTP/1.1" 200 7158 "http://localhost:5000/scenario/" "Mozilla/5.0 (Macintosh; Intel Mac OS X 10_15_7) AppleWebKit/605.1.15 (KHTML, like Gecko) Version/17.1 Safari/605.1.15"
 - - [03/Nov/2023:10:26:46 +0100] "POST /scenario/fedstellar_DFL_03_11_2023_10_25_45/node/update HTTP/1.1" 200 25 "-" "python-requests/2.31.0"
 - - [03/Nov/2023:10:26:46 +0100] "POST /scenario/fedstellar_DFL_03_11_2023_10_25_45/node/update HTTP/1.1" 200 25 "-" "python-requests/2.31.0"
 - - [03/Nov/2023:10:26:46 +0100] "POST /scenario/fedstellar_DFL_03_11_2023_10_25_45/node/update HTTP/1.1" 200 25 "-" "python-requests/2.31.0"
 - - [03/Nov/2023:10:26:46 +0100] "GET /statistics/?runFilter=fedstellar_DFL_03_11_2023_10_25_45 HTTP/1.1" 200 227668 "http://localhost:5000/scenario/fedstellar_DFL_03_11_2023_10_25_45/statistics/" "Mozilla/5.0 (Macintosh; Intel Mac OS X 10_15_7) AppleWebKit/605.1.15 (KHTML, like Gecko) Version/17.1 Safari/605.1.15"
 - - [03/Nov/2023:10:26:46 +0100] "GET /statistics/font-roboto/oMMgfZMQthOryQo9n22dcuvvDin1pK8aKteLpeZ5c0A.woff2 HTTP/1.1" 200 10748 "http://localhost:5000/statistics/?runFilter=fedstellar_DFL_03_11_2023_10_25_45" "Mozilla/5.0 (Macintosh; Intel Mac OS X 10_15_7) AppleWebKit/605.1.15 (KHTML, like Gecko) Version/17.1 Safari/605.1.15"
 - - [03/Nov/2023:10:26:47 +0100] "GET /statistics/icon_bundle.svg HTTP/1.1" 200 14716 "http://localhost:5000/statistics/?runFilter=fedstellar_DFL_03_11_2023_10_25_45" "Mozilla/5.0 (Macintosh; Intel Mac OS X 10_15_7) AppleWebKit/605.1.15 (KHTML, like Gecko) Version/17.1 Safari/605.1.15"
 - - [03/Nov/2023:10:26:47 +0100] "GET /statistics/font-roboto/RxZJdnzeo3R5zSexge8UUZBw1xU1rKptJj_0jans920.woff2 HTTP/1.1" 200 10788 "http://localhost:5000/statistics/?runFilter=fedstellar_DFL_03_11_2023_10_25_45" "Mozilla/5.0 (Macintosh; Intel Mac OS X 10_15_7) AppleWebKit/605.1.15 (KHTML, like Gecko) Version/17.1 Safari/605.1.15"
 - - [03/Nov/2023:10:26:47 +0100] "GET /statistics/data/plugins_listing HTTP/1.1" 200 3003 "http://localhost:5000/statistics/?runFilter=fedstellar_DFL_03_11_2023_10_25_45" "Mozilla/5.0 (Macintosh; Intel Mac OS X 10_15_7) AppleWebKit/605.1.15 (KHTML, like Gecko) Version/17.1 Safari/605.1.15"
 - - [03/Nov/2023:10:26:47 +0100] "GET /statistics/experiment/defaultExperimentId/data/runs HTTP/1.1" 200 180 "http://localhost:5000/statistics/?runFilter=fedstellar_DFL_03_11_2023_10_25_45" "Mozilla/5.0 (Macintosh; Intel Mac OS X 10_15_7) AppleWebKit/605.1.15 (KHTML, like Gecko) Version/17.1 Safari/605.1.15"
 - - [03/Nov/2023:10:26:47 +0100] "POST /statistics/experiment/defaultExperimentId/data/plugin/hparams/experiment HTTP/1.1" 200 119 "http://localhost:5000/statistics/?runFilter=fedstellar_DFL_03_11_2023_10_25_45" "Mozilla/5.0 (Macintosh; Intel Mac OS X 10_15_7) AppleWebKit/605.1.15 (KHTML, like Gecko) Version/17.1 Safari/605.1.15"
 - - [03/Nov/2023:10:26:47 +0100] "GET /statistics/data/environment HTTP/1.1" 200 956 "http://localhost:5000/statistics/?runFilter=fedstellar_DFL_03_11_2023_10_25_45" "Mozilla/5.0 (Macintosh; Intel Mac OS X 10_15_7) AppleWebKit/605.1.15 (KHTML, like Gecko) Version/17.1 Safari/605.1.15"
 - - [03/Nov/2023:10:26:47 +0100] "GET /statistics/data/runs HTTP/1.1" 200 180 "http://localhost:5000/statistics/?runFilter=fedstellar_DFL_03_11_2023_10_25_45" "Mozilla/5.0 (Macintosh; Intel Mac OS X 10_15_7) AppleWebKit/605.1.15 (KHTML, like Gecko) Version/17.1 Safari/605.1.15"
 - - [03/Nov/2023:10:26:47 +0100] "POST /statistics/experiment/defaultExperimentId/data/plugin/hparams/session_groups HTTP/1.1" 200 43 "http://localhost:5000/statistics/?runFilter=fedstellar_DFL_03_11_2023_10_25_45" "Mozilla/5.0 (Macintosh; Intel Mac OS X 10_15_7) AppleWebKit/605.1.15 (KHTML, like Gecko) Version/17.1 Safari/605.1.15"
 - - [03/Nov/2023:10:26:47 +0100] "GET /statistics/experiment/defaultExperimentId/data/plugin/timeseries/tags HTTP/1.1" 200 1099 "http://localhost:5000/statistics/?runFilter=fedstellar_DFL_03_11_2023_10_25_45" "Mozilla/5.0 (Macintosh; Intel Mac OS X 10_15_7) AppleWebKit/605.1.15 (KHTML, like Gecko) Version/17.1 Safari/605.1.15"
 - - [03/Nov/2023:10:26:47 +0100] "GET /statistics/font-roboto/vPcynSL0qHq_6dX7lKVByXYhjbSpvc47ee6xR_80Hnw.woff2 HTTP/1.1" 200 12352 "http://localhost:5000/statistics/?runFilter=fedstellar_DFL_03_11_2023_10_25_45" "Mozilla/5.0 (Macintosh; Intel Mac OS X 10_15_7) AppleWebKit/605.1.15 (KHTML, like Gecko) Version/17.1 Safari/605.1.15"
 - - [03/Nov/2023:10:26:47 +0100] "POST /statistics/experiment/defaultExperimentId/data/plugin/timeseries/timeSeries HTTP/1.1" 200 1321 "http://localhost:5000/statistics/?runFilter=fedstellar_DFL_03_11_2023_10_25_45" "Mozilla/5.0 (Macintosh; Intel Mac OS X 10_15_7) AppleWebKit/605.1.15 (KHTML, like Gecko) Version/17.1 Safari/605.1.15"
 - - [03/Nov/2023:10:26:47 +0100] "POST /statistics/experiment/defaultExperimentId/data/plugin/timeseries/timeSeries HTTP/1.1" 200 1400 "http://localhost:5000/statistics/?runFilter=fedstellar_DFL_03_11_2023_10_25_45" "Mozilla/5.0 (Macintosh; Intel Mac OS X 10_15_7) AppleWebKit/605.1.15 (KHTML, like Gecko) Version/17.1 Safari/605.1.15"
 - - [03/Nov/2023:10:26:47 +0100] "POST /statistics/experiment/defaultExperimentId/data/plugin/timeseries/timeSeries HTTP/1.1" 200 1404 "http://localhost:5000/statistics/?runFilter=fedstellar_DFL_03_11_2023_10_25_45" "Mozilla/5.0 (Macintosh; Intel Mac OS X 10_15_7) AppleWebKit/605.1.15 (KHTML, like Gecko) Version/17.1 Safari/605.1.15"
 - - [03/Nov/2023:10:26:51 +0100] "POST /scenario/fedstellar_DFL_03_11_2023_10_25_45/node/update HTTP/1.1" 200 25 "-" "python-requests/2.31.0"
 - - [03/Nov/2023:10:26:51 +0100] "POST /scenario/fedstellar_DFL_03_11_2023_10_25_45/node/update HTTP/1.1" 200 25 "-" "python-requests/2.31.0"
 - - [03/Nov/2023:10:26:51 +0100] "POST /scenario/fedstellar_DFL_03_11_2023_10_25_45/node/update HTTP/1.1" 200 25 "-" "python-requests/2.31.0"
 - - [03/Nov/2023:10:26:56 +0100] "POST /scenario/fedstellar_DFL_03_11_2023_10_25_45/node/update HTTP/1.1" 200 25 "-" "python-requests/2.31.0"
 - - [03/Nov/2023:10:26:56 +0100] "POST /scenario/fedstellar_DFL_03_11_2023_10_25_45/node/update HTTP/1.1" 200 25 "-" "python-requests/2.31.0"
 - - [03/Nov/2023:10:26:56 +0100] "POST /scenario/fedstellar_DFL_03_11_2023_10_25_45/node/update HTTP/1.1" 200 25 "-" "python-requests/2.31.0"
 - - [03/Nov/2023:10:27:01 +0100] "POST /scenario/fedstellar_DFL_03_11_2023_10_25_45/node/update HTTP/1.1" 200 25 "-" "python-requests/2.31.0"
 - - [03/Nov/2023:10:27:01 +0100] "POST /scenario/fedstellar_DFL_03_11_2023_10_25_45/node/update HTTP/1.1" 200 25 "-" "python-requests/2.31.0"
 - - [03/Nov/2023:10:27:02 +0100] "POST /scenario/fedstellar_DFL_03_11_2023_10_25_45/node/update HTTP/1.1" 200 25 "-" "python-requests/2.31.0"
 - - [03/Nov/2023:10:27:06 +0100] "POST /scenario/fedstellar_DFL_03_11_2023_10_25_45/node/update HTTP/1.1" 200 25 "-" "python-requests/2.31.0"
 - - [03/Nov/2023:10:27:06 +0100] "POST /scenario/fedstellar_DFL_03_11_2023_10_25_45/node/update HTTP/1.1" 200 25 "-" "python-requests/2.31.0"
 - - [03/Nov/2023:10:27:07 +0100] "POST /scenario/fedstellar_DFL_03_11_2023_10_25_45/node/update HTTP/1.1" 200 25 "-" "python-requests/2.31.0"
 - - [03/Nov/2023:10:27:11 +0100] "POST /scenario/fedstellar_DFL_03_11_2023_10_25_45/node/update HTTP/1.1" 200 25 "-" "python-requests/2.31.0"
 - - [03/Nov/2023:10:27:11 +0100] "POST /scenario/fedstellar_DFL_03_11_2023_10_25_45/node/update HTTP/1.1" 200 25 "-" "python-requests/2.31.0"
 - - [03/Nov/2023:10:27:12 +0100] "POST /scenario/fedstellar_DFL_03_11_2023_10_25_45/node/update HTTP/1.1" 200 25 "-" "python-requests/2.31.0"
 - - [03/Nov/2023:10:27:16 +0100] "POST /scenario/fedstellar_DFL_03_11_2023_10_25_45/node/update HTTP/1.1" 200 25 "-" "python-requests/2.31.0"
 - - [03/Nov/2023:10:27:16 +0100] "POST /scenario/fedstellar_DFL_03_11_2023_10_25_45/node/update HTTP/1.1" 200 25 "-" "python-requests/2.31.0"
 - - [03/Nov/2023:10:27:17 +0100] "POST /scenario/fedstellar_DFL_03_11_2023_10_25_45/node/update HTTP/1.1" 200 25 "-" "python-requests/2.31.0"
 - - [03/Nov/2023:10:27:21 +0100] "POST /scenario/fedstellar_DFL_03_11_2023_10_25_45/node/update HTTP/1.1" 200 25 "-" "python-requests/2.31.0"
 - - [03/Nov/2023:10:27:22 +0100] "POST /scenario/fedstellar_DFL_03_11_2023_10_25_45/node/update HTTP/1.1" 200 25 "-" "python-requests/2.31.0"
 - - [03/Nov/2023:10:27:22 +0100] "POST /scenario/fedstellar_DFL_03_11_2023_10_25_45/node/update HTTP/1.1" 200 25 "-" "python-requests/2.31.0"
 - - [03/Nov/2023:10:27:27 +0100] "POST /scenario/fedstellar_DFL_03_11_2023_10_25_45/node/update HTTP/1.1" 200 25 "-" "python-requests/2.31.0"
 - - [03/Nov/2023:10:27:27 +0100] "POST /scenario/fedstellar_DFL_03_11_2023_10_25_45/node/update HTTP/1.1" 200 25 "-" "python-requests/2.31.0"
 - - [03/Nov/2023:10:27:27 +0100] "POST /scenario/fedstellar_DFL_03_11_2023_10_25_45/node/update HTTP/1.1" 200 25 "-" "python-requests/2.31.0"
 - - [03/Nov/2023:10:27:32 +0100] "POST /scenario/fedstellar_DFL_03_11_2023_10_25_45/node/update HTTP/1.1" 200 25 "-" "python-requests/2.31.0"
 - - [03/Nov/2023:10:27:32 +0100] "POST /scenario/fedstellar_DFL_03_11_2023_10_25_45/node/update HTTP/1.1" 200 25 "-" "python-requests/2.31.0"
 - - [03/Nov/2023:10:27:32 +0100] "POST /scenario/fedstellar_DFL_03_11_2023_10_25_45/node/update HTTP/1.1" 200 25 "-" "python-requests/2.31.0"
 - - [03/Nov/2023:10:27:37 +0100] "POST /scenario/fedstellar_DFL_03_11_2023_10_25_45/node/update HTTP/1.1" 200 25 "-" "python-requests/2.31.0"
 - - [03/Nov/2023:10:27:37 +0100] "POST /scenario/fedstellar_DFL_03_11_2023_10_25_45/node/update HTTP/1.1" 200 25 "-" "python-requests/2.31.0"
 - - [03/Nov/2023:10:27:37 +0100] "POST /scenario/fedstellar_DFL_03_11_2023_10_25_45/node/update HTTP/1.1" 200 25 "-" "python-requests/2.31.0"
 - - [03/Nov/2023:10:27:42 +0100] "POST /scenario/fedstellar_DFL_03_11_2023_10_25_45/node/update HTTP/1.1" 200 25 "-" "python-requests/2.31.0"
 - - [03/Nov/2023:10:27:42 +0100] "POST /scenario/fedstellar_DFL_03_11_2023_10_25_45/node/update HTTP/1.1" 200 25 "-" "python-requests/2.31.0"
 - - [03/Nov/2023:10:27:42 +0100] "POST /scenario/fedstellar_DFL_03_11_2023_10_25_45/node/update HTTP/1.1" 200 25 "-" "python-requests/2.31.0"
 - - [03/Nov/2023:10:27:47 +0100] "POST /scenario/fedstellar_DFL_03_11_2023_10_25_45/node/update HTTP/1.1" 200 25 "-" "python-requests/2.31.0"
 - - [03/Nov/2023:10:27:47 +0100] "POST /scenario/fedstellar_DFL_03_11_2023_10_25_45/node/update HTTP/1.1" 200 25 "-" "python-requests/2.31.0"
 - - [03/Nov/2023:10:27:47 +0100] "POST /scenario/fedstellar_DFL_03_11_2023_10_25_45/node/update HTTP/1.1" 200 25 "-" "python-requests/2.31.0"
 - - [03/Nov/2023:10:27:52 +0100] "POST /scenario/fedstellar_DFL_03_11_2023_10_25_45/node/update HTTP/1.1" 200 25 "-" "python-requests/2.31.0"
 - - [03/Nov/2023:10:27:52 +0100] "POST /scenario/fedstellar_DFL_03_11_2023_10_25_45/node/update HTTP/1.1" 200 25 "-" "python-requests/2.31.0"
 - - [03/Nov/2023:10:27:52 +0100] "POST /scenario/fedstellar_DFL_03_11_2023_10_25_45/node/update HTTP/1.1" 200 25 "-" "python-requests/2.31.0"
 - - [03/Nov/2023:10:27:57 +0100] "POST /scenario/fedstellar_DFL_03_11_2023_10_25_45/node/update HTTP/1.1" 200 25 "-" "python-requests/2.31.0"
 - - [03/Nov/2023:10:27:57 +0100] "POST /scenario/fedstellar_DFL_03_11_2023_10_25_45/node/update HTTP/1.1" 200 25 "-" "python-requests/2.31.0"
 - - [03/Nov/2023:10:27:57 +0100] "POST /scenario/fedstellar_DFL_03_11_2023_10_25_45/node/update HTTP/1.1" 200 25 "-" "python-requests/2.31.0"
 - - [03/Nov/2023:10:28:02 +0100] "POST /scenario/fedstellar_DFL_03_11_2023_10_25_45/node/update HTTP/1.1" 200 25 "-" "python-requests/2.31.0"
 - - [03/Nov/2023:10:28:02 +0100] "POST /scenario/fedstellar_DFL_03_11_2023_10_25_45/node/update HTTP/1.1" 200 25 "-" "python-requests/2.31.0"
 - - [03/Nov/2023:10:28:02 +0100] "POST /scenario/fedstellar_DFL_03_11_2023_10_25_45/node/update HTTP/1.1" 200 25 "-" "python-requests/2.31.0"
 - - [03/Nov/2023:10:28:07 +0100] "POST /scenario/fedstellar_DFL_03_11_2023_10_25_45/node/update HTTP/1.1" 200 25 "-" "python-requests/2.31.0"
 - - [03/Nov/2023:10:28:07 +0100] "POST /scenario/fedstellar_DFL_03_11_2023_10_25_45/node/update HTTP/1.1" 200 25 "-" "python-requests/2.31.0"
 - - [03/Nov/2023:10:28:07 +0100] "POST /scenario/fedstellar_DFL_03_11_2023_10_25_45/node/update HTTP/1.1" 200 25 "-" "python-requests/2.31.0"
 - - [03/Nov/2023:10:28:12 +0100] "POST /scenario/fedstellar_DFL_03_11_2023_10_25_45/node/update HTTP/1.1" 200 25 "-" "python-requests/2.31.0"
 - - [03/Nov/2023:10:28:12 +0100] "POST /scenario/fedstellar_DFL_03_11_2023_10_25_45/node/update HTTP/1.1" 200 25 "-" "python-requests/2.31.0"
 - - [03/Nov/2023:10:28:12 +0100] "POST /scenario/fedstellar_DFL_03_11_2023_10_25_45/node/update HTTP/1.1" 200 25 "-" "python-requests/2.31.0"
 - - [03/Nov/2023:10:28:17 +0100] "POST /scenario/fedstellar_DFL_03_11_2023_10_25_45/node/update HTTP/1.1" 200 25 "-" "python-requests/2.31.0"
 - - [03/Nov/2023:10:28:17 +0100] "POST /scenario/fedstellar_DFL_03_11_2023_10_25_45/node/update HTTP/1.1" 200 25 "-" "python-requests/2.31.0"
 - - [03/Nov/2023:10:28:17 +0100] "POST /scenario/fedstellar_DFL_03_11_2023_10_25_45/node/update HTTP/1.1" 200 25 "-" "python-requests/2.31.0"
 - - [03/Nov/2023:10:28:22 +0100] "POST /scenario/fedstellar_DFL_03_11_2023_10_25_45/node/update HTTP/1.1" 200 25 "-" "python-requests/2.31.0"
 - - [03/Nov/2023:10:28:22 +0100] "POST /scenario/fedstellar_DFL_03_11_2023_10_25_45/node/update HTTP/1.1" 200 25 "-" "python-requests/2.31.0"
 - - [03/Nov/2023:10:28:23 +0100] "POST /scenario/fedstellar_DFL_03_11_2023_10_25_45/node/update HTTP/1.1" 200 25 "-" "python-requests/2.31.0"
 - - [03/Nov/2023:10:28:27 +0100] "POST /scenario/fedstellar_DFL_03_11_2023_10_25_45/node/update HTTP/1.1" 200 25 "-" "python-requests/2.31.0"
 - - [03/Nov/2023:10:28:27 +0100] "POST /scenario/fedstellar_DFL_03_11_2023_10_25_45/node/update HTTP/1.1" 200 25 "-" "python-requests/2.31.0"
 - - [03/Nov/2023:10:28:28 +0100] "POST /scenario/fedstellar_DFL_03_11_2023_10_25_45/node/update HTTP/1.1" 200 25 "-" "python-requests/2.31.0"
 - - [03/Nov/2023:10:28:32 +0100] "POST /scenario/fedstellar_DFL_03_11_2023_10_25_45/node/update HTTP/1.1" 200 25 "-" "python-requests/2.31.0"
 - - [03/Nov/2023:10:28:32 +0100] "POST /scenario/fedstellar_DFL_03_11_2023_10_25_45/node/update HTTP/1.1" 200 25 "-" "python-requests/2.31.0"
 - - [03/Nov/2023:10:28:33 +0100] "POST /scenario/fedstellar_DFL_03_11_2023_10_25_45/node/update HTTP/1.1" 200 25 "-" "python-requests/2.31.0"
 - - [03/Nov/2023:10:28:37 +0100] "POST /scenario/fedstellar_DFL_03_11_2023_10_25_45/node/update HTTP/1.1" 200 25 "-" "python-requests/2.31.0"
 - - [03/Nov/2023:10:28:37 +0100] "POST /scenario/fedstellar_DFL_03_11_2023_10_25_45/node/update HTTP/1.1" 200 25 "-" "python-requests/2.31.0"
 - - [03/Nov/2023:10:28:38 +0100] "POST /scenario/fedstellar_DFL_03_11_2023_10_25_45/node/update HTTP/1.1" 200 25 "-" "python-requests/2.31.0"
 - - [03/Nov/2023:10:28:43 +0100] "POST /scenario/fedstellar_DFL_03_11_2023_10_25_45/node/update HTTP/1.1" 200 25 "-" "python-requests/2.31.0"
 - - [03/Nov/2023:10:28:43 +0100] "POST /scenario/fedstellar_DFL_03_11_2023_10_25_45/node/update HTTP/1.1" 200 25 "-" "python-requests/2.31.0"
 - - [03/Nov/2023:10:28:43 +0100] "POST /scenario/fedstellar_DFL_03_11_2023_10_25_45/node/update HTTP/1.1" 200 25 "-" "python-requests/2.31.0"
 - - [03/Nov/2023:10:28:48 +0100] "POST /scenario/fedstellar_DFL_03_11_2023_10_25_45/node/update HTTP/1.1" 200 25 "-" "python-requests/2.31.0"
 - - [03/Nov/2023:10:28:48 +0100] "POST /scenario/fedstellar_DFL_03_11_2023_10_25_45/node/update HTTP/1.1" 200 25 "-" "python-requests/2.31.0"
 - - [03/Nov/2023:10:28:48 +0100] "POST /scenario/fedstellar_DFL_03_11_2023_10_25_45/node/update HTTP/1.1" 200 25 "-" "python-requests/2.31.0"
 - - [03/Nov/2023:10:28:53 +0100] "POST /scenario/fedstellar_DFL_03_11_2023_10_25_45/node/update HTTP/1.1" 200 25 "-" "python-requests/2.31.0"
 - - [03/Nov/2023:10:28:53 +0100] "POST /scenario/fedstellar_DFL_03_11_2023_10_25_45/node/update HTTP/1.1" 200 25 "-" "python-requests/2.31.0"
 - - [03/Nov/2023:10:28:53 +0100] "POST /scenario/fedstellar_DFL_03_11_2023_10_25_45/node/update HTTP/1.1" 200 25 "-" "python-requests/2.31.0"
 - - [03/Nov/2023:10:28:58 +0100] "POST /scenario/fedstellar_DFL_03_11_2023_10_25_45/node/update HTTP/1.1" 200 25 "-" "python-requests/2.31.0"
 - - [03/Nov/2023:10:28:58 +0100] "POST /scenario/fedstellar_DFL_03_11_2023_10_25_45/node/update HTTP/1.1" 200 25 "-" "python-requests/2.31.0"
 - - [03/Nov/2023:10:28:58 +0100] "POST /scenario/fedstellar_DFL_03_11_2023_10_25_45/node/update HTTP/1.1" 200 25 "-" "python-requests/2.31.0"
 - - [03/Nov/2023:10:29:03 +0100] "POST /scenario/fedstellar_DFL_03_11_2023_10_25_45/node/update HTTP/1.1" 200 25 "-" "python-requests/2.31.0"
 - - [03/Nov/2023:10:29:03 +0100] "POST /scenario/fedstellar_DFL_03_11_2023_10_25_45/node/update HTTP/1.1" 200 25 "-" "python-requests/2.31.0"
 - - [03/Nov/2023:10:29:03 +0100] "POST /scenario/fedstellar_DFL_03_11_2023_10_25_45/node/update HTTP/1.1" 200 25 "-" "python-requests/2.31.0"
 - - [03/Nov/2023:10:29:08 +0100] "POST /scenario/fedstellar_DFL_03_11_2023_10_25_45/node/update HTTP/1.1" 200 25 "-" "python-requests/2.31.0"
 - - [03/Nov/2023:10:29:08 +0100] "POST /scenario/fedstellar_DFL_03_11_2023_10_25_45/node/update HTTP/1.1" 200 25 "-" "python-requests/2.31.0"
 - - [03/Nov/2023:10:29:08 +0100] "POST /scenario/fedstellar_DFL_03_11_2023_10_25_45/node/update HTTP/1.1" 200 25 "-" "python-requests/2.31.0"
 - - [03/Nov/2023:10:29:13 +0100] "POST /scenario/fedstellar_DFL_03_11_2023_10_25_45/node/update HTTP/1.1" 200 25 "-" "python-requests/2.31.0"
 - - [03/Nov/2023:10:29:13 +0100] "POST /scenario/fedstellar_DFL_03_11_2023_10_25_45/node/update HTTP/1.1" 200 25 "-" "python-requests/2.31.0"
 - - [03/Nov/2023:10:29:13 +0100] "POST /scenario/fedstellar_DFL_03_11_2023_10_25_45/node/update HTTP/1.1" 200 25 "-" "python-requests/2.31.0"
 - - [03/Nov/2023:10:29:18 +0100] "POST /scenario/fedstellar_DFL_03_11_2023_10_25_45/node/update HTTP/1.1" 200 25 "-" "python-requests/2.31.0"
 - - [03/Nov/2023:10:29:18 +0100] "POST /scenario/fedstellar_DFL_03_11_2023_10_25_45/node/update HTTP/1.1" 200 25 "-" "python-requests/2.31.0"
 - - [03/Nov/2023:10:29:18 +0100] "POST /scenario/fedstellar_DFL_03_11_2023_10_25_45/node/update HTTP/1.1" 200 25 "-" "python-requests/2.31.0"
 - - [03/Nov/2023:10:29:23 +0100] "POST /scenario/fedstellar_DFL_03_11_2023_10_25_45/node/update HTTP/1.1" 200 25 "-" "python-requests/2.31.0"
 - - [03/Nov/2023:10:29:23 +0100] "POST /scenario/fedstellar_DFL_03_11_2023_10_25_45/node/update HTTP/1.1" 200 25 "-" "python-requests/2.31.0"
 - - [03/Nov/2023:10:29:23 +0100] "POST /scenario/fedstellar_DFL_03_11_2023_10_25_45/node/update HTTP/1.1" 200 25 "-" "python-requests/2.31.0"
 - - [03/Nov/2023:10:29:28 +0100] "POST /scenario/fedstellar_DFL_03_11_2023_10_25_45/node/update HTTP/1.1" 200 25 "-" "python-requests/2.31.0"
 - - [03/Nov/2023:10:29:28 +0100] "POST /scenario/fedstellar_DFL_03_11_2023_10_25_45/node/update HTTP/1.1" 200 25 "-" "python-requests/2.31.0"
 - - [03/Nov/2023:10:29:28 +0100] "POST /scenario/fedstellar_DFL_03_11_2023_10_25_45/node/update HTTP/1.1" 200 25 "-" "python-requests/2.31.0"
 - - [03/Nov/2023:10:29:33 +0100] "POST /scenario/fedstellar_DFL_03_11_2023_10_25_45/node/update HTTP/1.1" 200 25 "-" "python-requests/2.31.0"
 - - [03/Nov/2023:10:29:33 +0100] "POST /scenario/fedstellar_DFL_03_11_2023_10_25_45/node/update HTTP/1.1" 200 25 "-" "python-requests/2.31.0"
 - - [03/Nov/2023:10:29:33 +0100] "POST /scenario/fedstellar_DFL_03_11_2023_10_25_45/node/update HTTP/1.1" 200 25 "-" "python-requests/2.31.0"
 - - [03/Nov/2023:10:29:38 +0100] "POST /scenario/fedstellar_DFL_03_11_2023_10_25_45/node/update HTTP/1.1" 200 25 "-" "python-requests/2.31.0"
 - - [03/Nov/2023:10:29:38 +0100] "POST /scenario/fedstellar_DFL_03_11_2023_10_25_45/node/update HTTP/1.1" 200 25 "-" "python-requests/2.31.0"
 - - [03/Nov/2023:10:29:38 +0100] "POST /scenario/fedstellar_DFL_03_11_2023_10_25_45/node/update HTTP/1.1" 200 25 "-" "python-requests/2.31.0"
 - - [03/Nov/2023:10:29:43 +0100] "POST /scenario/fedstellar_DFL_03_11_2023_10_25_45/node/update HTTP/1.1" 200 25 "-" "python-requests/2.31.0"
 - - [03/Nov/2023:10:29:43 +0100] "POST /scenario/fedstellar_DFL_03_11_2023_10_25_45/node/update HTTP/1.1" 200 25 "-" "python-requests/2.31.0"
 - - [03/Nov/2023:10:29:43 +0100] "POST /scenario/fedstellar_DFL_03_11_2023_10_25_45/node/update HTTP/1.1" 200 25 "-" "python-requests/2.31.0"
 - - [03/Nov/2023:10:29:48 +0100] "POST /scenario/fedstellar_DFL_03_11_2023_10_25_45/node/update HTTP/1.1" 200 25 "-" "python-requests/2.31.0"
 - - [03/Nov/2023:10:29:49 +0100] "POST /scenario/fedstellar_DFL_03_11_2023_10_25_45/node/update HTTP/1.1" 200 25 "-" "python-requests/2.31.0"
 - - [03/Nov/2023:10:29:49 +0100] "POST /scenario/fedstellar_DFL_03_11_2023_10_25_45/node/update HTTP/1.1" 200 25 "-" "python-requests/2.31.0"
 - - [03/Nov/2023:10:29:54 +0100] "POST /scenario/fedstellar_DFL_03_11_2023_10_25_45/node/update HTTP/1.1" 200 25 "-" "python-requests/2.31.0"
 - - [03/Nov/2023:10:29:54 +0100] "POST /scenario/fedstellar_DFL_03_11_2023_10_25_45/node/update HTTP/1.1" 200 25 "-" "python-requests/2.31.0"
 - - [03/Nov/2023:10:29:54 +0100] "POST /scenario/fedstellar_DFL_03_11_2023_10_25_45/node/update HTTP/1.1" 200 25 "-" "python-requests/2.31.0"
 - - [03/Nov/2023:10:29:59 +0100] "POST /scenario/fedstellar_DFL_03_11_2023_10_25_45/node/update HTTP/1.1" 200 25 "-" "python-requests/2.31.0"
 - - [03/Nov/2023:10:29:59 +0100] "POST /scenario/fedstellar_DFL_03_11_2023_10_25_45/node/update HTTP/1.1" 200 25 "-" "python-requests/2.31.0"
 - - [03/Nov/2023:10:29:59 +0100] "POST /scenario/fedstellar_DFL_03_11_2023_10_25_45/node/update HTTP/1.1" 200 25 "-" "python-requests/2.31.0"
 - - [03/Nov/2023:10:30:04 +0100] "POST /scenario/fedstellar_DFL_03_11_2023_10_25_45/node/update HTTP/1.1" 200 25 "-" "python-requests/2.31.0"
 - - [03/Nov/2023:10:30:04 +0100] "POST /scenario/fedstellar_DFL_03_11_2023_10_25_45/node/update HTTP/1.1" 200 25 "-" "python-requests/2.31.0"
 - - [03/Nov/2023:10:30:04 +0100] "POST /scenario/fedstellar_DFL_03_11_2023_10_25_45/node/update HTTP/1.1" 200 25 "-" "python-requests/2.31.0"
 - - [03/Nov/2023:10:30:09 +0100] "POST /scenario/fedstellar_DFL_03_11_2023_10_25_45/node/update HTTP/1.1" 200 25 "-" "python-requests/2.31.0"
 - - [03/Nov/2023:10:30:09 +0100] "POST /scenario/fedstellar_DFL_03_11_2023_10_25_45/node/update HTTP/1.1" 200 25 "-" "python-requests/2.31.0"
 - - [03/Nov/2023:10:30:09 +0100] "POST /scenario/fedstellar_DFL_03_11_2023_10_25_45/node/update HTTP/1.1" 200 25 "-" "python-requests/2.31.0"
 - - [03/Nov/2023:10:30:14 +0100] "POST /scenario/fedstellar_DFL_03_11_2023_10_25_45/node/update HTTP/1.1" 200 25 "-" "python-requests/2.31.0"
 - - [03/Nov/2023:10:30:14 +0100] "POST /scenario/fedstellar_DFL_03_11_2023_10_25_45/node/update HTTP/1.1" 200 25 "-" "python-requests/2.31.0"
 - - [03/Nov/2023:10:30:14 +0100] "POST /scenario/fedstellar_DFL_03_11_2023_10_25_45/node/update HTTP/1.1" 200 25 "-" "python-requests/2.31.0"
 - - [03/Nov/2023:10:30:19 +0100] "POST /scenario/fedstellar_DFL_03_11_2023_10_25_45/node/update HTTP/1.1" 200 25 "-" "python-requests/2.31.0"
 - - [03/Nov/2023:10:30:19 +0100] "POST /scenario/fedstellar_DFL_03_11_2023_10_25_45/node/update HTTP/1.1" 200 25 "-" "python-requests/2.31.0"
 - - [03/Nov/2023:10:30:19 +0100] "POST /scenario/fedstellar_DFL_03_11_2023_10_25_45/node/update HTTP/1.1" 200 25 "-" "python-requests/2.31.0"
 - - [03/Nov/2023:10:30:24 +0100] "POST /scenario/fedstellar_DFL_03_11_2023_10_25_45/node/update HTTP/1.1" 200 25 "-" "python-requests/2.31.0"
 - - [03/Nov/2023:10:30:24 +0100] "POST /scenario/fedstellar_DFL_03_11_2023_10_25_45/node/update HTTP/1.1" 200 25 "-" "python-requests/2.31.0"
 - - [03/Nov/2023:10:30:24 +0100] "POST /scenario/fedstellar_DFL_03_11_2023_10_25_45/node/update HTTP/1.1" 200 25 "-" "python-requests/2.31.0"
 - - [03/Nov/2023:10:30:29 +0100] "POST /scenario/fedstellar_DFL_03_11_2023_10_25_45/node/update HTTP/1.1" 200 25 "-" "python-requests/2.31.0"
 - - [03/Nov/2023:10:30:29 +0100] "POST /scenario/fedstellar_DFL_03_11_2023_10_25_45/node/update HTTP/1.1" 200 25 "-" "python-requests/2.31.0"
 - - [03/Nov/2023:10:30:29 +0100] "POST /scenario/fedstellar_DFL_03_11_2023_10_25_45/node/update HTTP/1.1" 200 25 "-" "python-requests/2.31.0"
 - - [03/Nov/2023:10:30:34 +0100] "POST /scenario/fedstellar_DFL_03_11_2023_10_25_45/node/update HTTP/1.1" 200 25 "-" "python-requests/2.31.0"
 - - [03/Nov/2023:10:30:34 +0100] "POST /scenario/fedstellar_DFL_03_11_2023_10_25_45/node/update HTTP/1.1" 200 25 "-" "python-requests/2.31.0"
 - - [03/Nov/2023:10:30:34 +0100] "POST /scenario/fedstellar_DFL_03_11_2023_10_25_45/node/update HTTP/1.1" 200 25 "-" "python-requests/2.31.0"
 - - [03/Nov/2023:10:30:39 +0100] "POST /scenario/fedstellar_DFL_03_11_2023_10_25_45/node/update HTTP/1.1" 200 25 "-" "python-requests/2.31.0"
 - - [03/Nov/2023:10:30:39 +0100] "POST /scenario/fedstellar_DFL_03_11_2023_10_25_45/node/update HTTP/1.1" 200 25 "-" "python-requests/2.31.0"
 - - [03/Nov/2023:10:30:39 +0100] "POST /scenario/fedstellar_DFL_03_11_2023_10_25_45/node/update HTTP/1.1" 200 25 "-" "python-requests/2.31.0"
 - - [03/Nov/2023:10:30:44 +0100] "POST /scenario/fedstellar_DFL_03_11_2023_10_25_45/node/update HTTP/1.1" 200 25 "-" "python-requests/2.31.0"
 - - [03/Nov/2023:10:30:44 +0100] "POST /scenario/fedstellar_DFL_03_11_2023_10_25_45/node/update HTTP/1.1" 200 25 "-" "python-requests/2.31.0"
 - - [03/Nov/2023:10:30:45 +0100] "POST /scenario/fedstellar_DFL_03_11_2023_10_25_45/node/update HTTP/1.1" 200 25 "-" "python-requests/2.31.0"
 - - [03/Nov/2023:10:30:49 +0100] "POST /scenario/fedstellar_DFL_03_11_2023_10_25_45/node/update HTTP/1.1" 200 25 "-" "python-requests/2.31.0"
 - - [03/Nov/2023:10:30:49 +0100] "POST /scenario/fedstellar_DFL_03_11_2023_10_25_45/node/update HTTP/1.1" 200 25 "-" "python-requests/2.31.0"
 - - [03/Nov/2023:10:30:50 +0100] "POST /scenario/fedstellar_DFL_03_11_2023_10_25_45/node/update HTTP/1.1" 200 25 "-" "python-requests/2.31.0"
 - - [03/Nov/2023:10:30:54 +0100] "POST /scenario/fedstellar_DFL_03_11_2023_10_25_45/node/update HTTP/1.1" 200 25 "-" "python-requests/2.31.0"
 - - [03/Nov/2023:10:30:54 +0100] "POST /scenario/fedstellar_DFL_03_11_2023_10_25_45/node/update HTTP/1.1" 200 25 "-" "python-requests/2.31.0"
 - - [03/Nov/2023:10:30:55 +0100] "POST /scenario/fedstellar_DFL_03_11_2023_10_25_45/node/update HTTP/1.1" 200 25 "-" "python-requests/2.31.0"
 - - [03/Nov/2023:10:30:59 +0100] "POST /scenario/fedstellar_DFL_03_11_2023_10_25_45/node/update HTTP/1.1" 200 25 "-" "python-requests/2.31.0"
 - - [03/Nov/2023:10:31:00 +0100] "POST /scenario/fedstellar_DFL_03_11_2023_10_25_45/node/update HTTP/1.1" 200 25 "-" "python-requests/2.31.0"
 - - [03/Nov/2023:10:31:00 +0100] "POST /scenario/fedstellar_DFL_03_11_2023_10_25_45/node/update HTTP/1.1" 200 25 "-" "python-requests/2.31.0"
 - - [03/Nov/2023:10:31:05 +0100] "POST /scenario/fedstellar_DFL_03_11_2023_10_25_45/node/update HTTP/1.1" 200 25 "-" "python-requests/2.31.0"
 - - [03/Nov/2023:10:31:05 +0100] "POST /scenario/fedstellar_DFL_03_11_2023_10_25_45/node/update HTTP/1.1" 200 25 "-" "python-requests/2.31.0"
 - - [03/Nov/2023:10:31:05 +0100] "POST /scenario/fedstellar_DFL_03_11_2023_10_25_45/node/update HTTP/1.1" 200 25 "-" "python-requests/2.31.0"
 - - [03/Nov/2023:10:31:10 +0100] "POST /scenario/fedstellar_DFL_03_11_2023_10_25_45/node/update HTTP/1.1" 200 25 "-" "python-requests/2.31.0"
 - - [03/Nov/2023:10:31:10 +0100] "POST /scenario/fedstellar_DFL_03_11_2023_10_25_45/node/update HTTP/1.1" 200 25 "-" "python-requests/2.31.0"
 - - [03/Nov/2023:10:31:10 +0100] "POST /scenario/fedstellar_DFL_03_11_2023_10_25_45/node/update HTTP/1.1" 200 25 "-" "python-requests/2.31.0"
 - - [03/Nov/2023:10:31:15 +0100] "POST /scenario/fedstellar_DFL_03_11_2023_10_25_45/node/update HTTP/1.1" 200 25 "-" "python-requests/2.31.0"
 - - [03/Nov/2023:10:31:15 +0100] "POST /scenario/fedstellar_DFL_03_11_2023_10_25_45/node/update HTTP/1.1" 200 25 "-" "python-requests/2.31.0"
 - - [03/Nov/2023:10:31:15 +0100] "POST /scenario/fedstellar_DFL_03_11_2023_10_25_45/node/update HTTP/1.1" 200 25 "-" "python-requests/2.31.0"
 - - [03/Nov/2023:10:31:20 +0100] "POST /scenario/fedstellar_DFL_03_11_2023_10_25_45/node/update HTTP/1.1" 200 25 "-" "python-requests/2.31.0"
 - - [03/Nov/2023:10:31:20 +0100] "POST /scenario/fedstellar_DFL_03_11_2023_10_25_45/node/update HTTP/1.1" 200 25 "-" "python-requests/2.31.0"
 - - [03/Nov/2023:10:31:20 +0100] "POST /scenario/fedstellar_DFL_03_11_2023_10_25_45/node/update HTTP/1.1" 200 25 "-" "python-requests/2.31.0"
 - - [03/Nov/2023:10:31:25 +0100] "POST /scenario/fedstellar_DFL_03_11_2023_10_25_45/node/update HTTP/1.1" 200 25 "-" "python-requests/2.31.0"
 - - [03/Nov/2023:10:31:25 +0100] "POST /scenario/fedstellar_DFL_03_11_2023_10_25_45/node/update HTTP/1.1" 200 25 "-" "python-requests/2.31.0"
 - - [03/Nov/2023:10:31:25 +0100] "POST /scenario/fedstellar_DFL_03_11_2023_10_25_45/node/update HTTP/1.1" 200 25 "-" "python-requests/2.31.0"
 - - [03/Nov/2023:10:31:30 +0100] "POST /scenario/fedstellar_DFL_03_11_2023_10_25_45/node/update HTTP/1.1" 200 25 "-" "python-requests/2.31.0"
 - - [03/Nov/2023:10:31:30 +0100] "POST /scenario/fedstellar_DFL_03_11_2023_10_25_45/node/update HTTP/1.1" 200 25 "-" "python-requests/2.31.0"
 - - [03/Nov/2023:10:31:30 +0100] "POST /scenario/fedstellar_DFL_03_11_2023_10_25_45/node/update HTTP/1.1" 200 25 "-" "python-requests/2.31.0"
 - - [03/Nov/2023:10:31:35 +0100] "GET /scenario/fedstellar_DFL_03_11_2023_10_25_45/statistics/ HTTP/1.1" 200 7158 "http://localhost:5000/scenario/" "Mozilla/5.0 (Macintosh; Intel Mac OS X 10_15_7) AppleWebKit/605.1.15 (KHTML, like Gecko) Version/17.1 Safari/605.1.15"
 - - [03/Nov/2023:10:31:35 +0100] "POST /scenario/fedstellar_DFL_03_11_2023_10_25_45/node/update HTTP/1.1" 200 25 "-" "python-requests/2.31.0"
 - - [03/Nov/2023:10:31:35 +0100] "POST /scenario/fedstellar_DFL_03_11_2023_10_25_45/node/update HTTP/1.1" 200 25 "-" "python-requests/2.31.0"
 - - [03/Nov/2023:10:31:35 +0100] "POST /scenario/fedstellar_DFL_03_11_2023_10_25_45/node/update HTTP/1.1" 200 25 "-" "python-requests/2.31.0"
 - - [03/Nov/2023:10:31:35 +0100] "GET /statistics/?runFilter=fedstellar_DFL_03_11_2023_10_25_45 HTTP/1.1" 200 227668 "http://localhost:5000/scenario/fedstellar_DFL_03_11_2023_10_25_45/statistics/" "Mozilla/5.0 (Macintosh; Intel Mac OS X 10_15_7) AppleWebKit/605.1.15 (KHTML, like Gecko) Version/17.1 Safari/605.1.15"
 - - [03/Nov/2023:10:31:35 +0100] "GET /statistics/font-roboto/oMMgfZMQthOryQo9n22dcuvvDin1pK8aKteLpeZ5c0A.woff2 HTTP/1.1" 200 10748 "http://localhost:5000/statistics/?runFilter=fedstellar_DFL_03_11_2023_10_25_45" "Mozilla/5.0 (Macintosh; Intel Mac OS X 10_15_7) AppleWebKit/605.1.15 (KHTML, like Gecko) Version/17.1 Safari/605.1.15"
 - - [03/Nov/2023:10:31:36 +0100] "GET /statistics/icon_bundle.svg HTTP/1.1" 200 14716 "http://localhost:5000/statistics/?runFilter=fedstellar_DFL_03_11_2023_10_25_45" "Mozilla/5.0 (Macintosh; Intel Mac OS X 10_15_7) AppleWebKit/605.1.15 (KHTML, like Gecko) Version/17.1 Safari/605.1.15"
 - - [03/Nov/2023:10:31:36 +0100] "GET /statistics/font-roboto/RxZJdnzeo3R5zSexge8UUZBw1xU1rKptJj_0jans920.woff2 HTTP/1.1" 200 10788 "http://localhost:5000/statistics/?runFilter=fedstellar_DFL_03_11_2023_10_25_45" "Mozilla/5.0 (Macintosh; Intel Mac OS X 10_15_7) AppleWebKit/605.1.15 (KHTML, like Gecko) Version/17.1 Safari/605.1.15"
 - - [03/Nov/2023:10:31:36 +0100] "GET /statistics/data/environment HTTP/1.1" 200 956 "http://localhost:5000/statistics/?runFilter=fedstellar_DFL_03_11_2023_10_25_45" "Mozilla/5.0 (Macintosh; Intel Mac OS X 10_15_7) AppleWebKit/605.1.15 (KHTML, like Gecko) Version/17.1 Safari/605.1.15"
 - - [03/Nov/2023:10:31:36 +0100] "GET /statistics/data/runs HTTP/1.1" 200 180 "http://localhost:5000/statistics/?runFilter=fedstellar_DFL_03_11_2023_10_25_45" "Mozilla/5.0 (Macintosh; Intel Mac OS X 10_15_7) AppleWebKit/605.1.15 (KHTML, like Gecko) Version/17.1 Safari/605.1.15"
 - - [03/Nov/2023:10:31:36 +0100] "POST /statistics/experiment/defaultExperimentId/data/plugin/hparams/experiment HTTP/1.1" 200 119 "http://localhost:5000/statistics/?runFilter=fedstellar_DFL_03_11_2023_10_25_45" "Mozilla/5.0 (Macintosh; Intel Mac OS X 10_15_7) AppleWebKit/605.1.15 (KHTML, like Gecko) Version/17.1 Safari/605.1.15"
 - - [03/Nov/2023:10:31:36 +0100] "GET /statistics/data/plugins_listing HTTP/1.1" 200 3002 "http://localhost:5000/statistics/?runFilter=fedstellar_DFL_03_11_2023_10_25_45" "Mozilla/5.0 (Macintosh; Intel Mac OS X 10_15_7) AppleWebKit/605.1.15 (KHTML, like Gecko) Version/17.1 Safari/605.1.15"
 - - [03/Nov/2023:10:31:36 +0100] "POST /statistics/experiment/defaultExperimentId/data/plugin/hparams/session_groups HTTP/1.1" 200 43 "http://localhost:5000/statistics/?runFilter=fedstellar_DFL_03_11_2023_10_25_45" "Mozilla/5.0 (Macintosh; Intel Mac OS X 10_15_7) AppleWebKit/605.1.15 (KHTML, like Gecko) Version/17.1 Safari/605.1.15"
 - - [03/Nov/2023:10:31:36 +0100] "GET /statistics/experiment/defaultExperimentId/data/runs HTTP/1.1" 200 180 "http://localhost:5000/statistics/?runFilter=fedstellar_DFL_03_11_2023_10_25_45" "Mozilla/5.0 (Macintosh; Intel Mac OS X 10_15_7) AppleWebKit/605.1.15 (KHTML, like Gecko) Version/17.1 Safari/605.1.15"
 - - [03/Nov/2023:10:31:36 +0100] "GET /statistics/experiment/defaultExperimentId/data/plugin/timeseries/tags HTTP/1.1" 200 3606 "http://localhost:5000/statistics/?runFilter=fedstellar_DFL_03_11_2023_10_25_45" "Mozilla/5.0 (Macintosh; Intel Mac OS X 10_15_7) AppleWebKit/605.1.15 (KHTML, like Gecko) Version/17.1 Safari/605.1.15"
 - - [03/Nov/2023:10:31:36 +0100] "GET /statistics/font-roboto/vPcynSL0qHq_6dX7lKVByXYhjbSpvc47ee6xR_80Hnw.woff2 HTTP/1.1" 200 12352 "http://localhost:5000/statistics/?runFilter=fedstellar_DFL_03_11_2023_10_25_45" "Mozilla/5.0 (Macintosh; Intel Mac OS X 10_15_7) AppleWebKit/605.1.15 (KHTML, like Gecko) Version/17.1 Safari/605.1.15"
 - - [03/Nov/2023:10:31:36 +0100] "POST /statistics/experiment/defaultExperimentId/data/plugin/timeseries/timeSeries HTTP/1.1" 200 13116 "http://localhost:5000/statistics/?runFilter=fedstellar_DFL_03_11_2023_10_25_45" "Mozilla/5.0 (Macintosh; Intel Mac OS X 10_15_7) AppleWebKit/605.1.15 (KHTML, like Gecko) Version/17.1 Safari/605.1.15"
 - - [03/Nov/2023:10:31:36 +0100] "POST /statistics/experiment/defaultExperimentId/data/plugin/timeseries/timeSeries HTTP/1.1" 200 12040 "http://localhost:5000/statistics/?runFilter=fedstellar_DFL_03_11_2023_10_25_45" "Mozilla/5.0 (Macintosh; Intel Mac OS X 10_15_7) AppleWebKit/605.1.15 (KHTML, like Gecko) Version/17.1 Safari/605.1.15"
 - - [03/Nov/2023:10:31:36 +0100] "POST /statistics/experiment/defaultExperimentId/data/plugin/timeseries/timeSeries HTTP/1.1" 200 13126 "http://localhost:5000/statistics/?runFilter=fedstellar_DFL_03_11_2023_10_25_45" "Mozilla/5.0 (Macintosh; Intel Mac OS X 10_15_7) AppleWebKit/605.1.15 (KHTML, like Gecko) Version/17.1 Safari/605.1.15"
 - - [03/Nov/2023:10:31:37 +0100] "POST /statistics/experiment/defaultExperimentId/data/plugin/timeseries/timeSeries HTTP/1.1" 200 14186 "http://localhost:5000/statistics/?runFilter=fedstellar_DFL_03_11_2023_10_25_45" "Mozilla/5.0 (Macintosh; Intel Mac OS X 10_15_7) AppleWebKit/605.1.15 (KHTML, like Gecko) Version/17.1 Safari/605.1.15"
 - - [03/Nov/2023:10:31:37 +0100] "POST /statistics/experiment/defaultExperimentId/data/plugin/timeseries/timeSeries HTTP/1.1" 200 12052 "http://localhost:5000/statistics/?runFilter=fedstellar_DFL_03_11_2023_10_25_45" "Mozilla/5.0 (Macintosh; Intel Mac OS X 10_15_7) AppleWebKit/605.1.15 (KHTML, like Gecko) Version/17.1 Safari/605.1.15"
 - - [03/Nov/2023:10:31:37 +0100] "GET /statistics/font-roboto/d-6IYplOFocCacKzxwXSOJBw1xU1rKptJj_0jans920.woff2 HTTP/1.1" 200 10764 "http://localhost:5000/statistics/?runFilter=fedstellar_DFL_03_11_2023_10_25_45" "Mozilla/5.0 (Macintosh; Intel Mac OS X 10_15_7) AppleWebKit/605.1.15 (KHTML, like Gecko) Version/17.1 Safari/605.1.15"
 - - [03/Nov/2023:10:31:37 +0100] "POST /statistics/experiment/defaultExperimentId/data/plugin/timeseries/timeSeries HTTP/1.1" 200 12581 "http://localhost:5000/statistics/?runFilter=fedstellar_DFL_03_11_2023_10_25_45" "Mozilla/5.0 (Macintosh; Intel Mac OS X 10_15_7) AppleWebKit/605.1.15 (KHTML, like Gecko) Version/17.1 Safari/605.1.15"
 - - [03/Nov/2023:10:31:37 +0100] "POST /statistics/experiment/defaultExperimentId/data/plugin/timeseries/timeSeries HTTP/1.1" 200 14951 "http://localhost:5000/statistics/?runFilter=fedstellar_DFL_03_11_2023_10_25_45" "Mozilla/5.0 (Macintosh; Intel Mac OS X 10_15_7) AppleWebKit/605.1.15 (KHTML, like Gecko) Version/17.1 Safari/605.1.15"
 - - [03/Nov/2023:10:31:37 +0100] "POST /statistics/experiment/defaultExperimentId/data/plugin/timeseries/timeSeries HTTP/1.1" 200 13988 "http://localhost:5000/statistics/?runFilter=fedstellar_DFL_03_11_2023_10_25_45" "Mozilla/5.0 (Macintosh; Intel Mac OS X 10_15_7) AppleWebKit/605.1.15 (KHTML, like Gecko) Version/17.1 Safari/605.1.15"
 - - [03/Nov/2023:10:31:37 +0100] "POST /statistics/experiment/defaultExperimentId/data/plugin/timeseries/timeSeries HTTP/1.1" 200 12593 "http://localhost:5000/statistics/?runFilter=fedstellar_DFL_03_11_2023_10_25_45" "Mozilla/5.0 (Macintosh; Intel Mac OS X 10_15_7) AppleWebKit/605.1.15 (KHTML, like Gecko) Version/17.1 Safari/605.1.15"
 - - [03/Nov/2023:10:31:38 +0100] "POST /statistics/experiment/defaultExperimentId/data/plugin/timeseries/timeSeries HTTP/1.1" 200 13794 "http://localhost:5000/statistics/?runFilter=fedstellar_DFL_03_11_2023_10_25_45" "Mozilla/5.0 (Macintosh; Intel Mac OS X 10_15_7) AppleWebKit/605.1.15 (KHTML, like Gecko) Version/17.1 Safari/605.1.15"
 - - [03/Nov/2023:10:31:39 +0100] "POST /statistics/experiment/defaultExperimentId/data/plugin/timeseries/timeSeries HTTP/1.1" 200 479 "http://localhost:5000/statistics/?runFilter=fedstellar_DFL_03_11_2023_10_25_45" "Mozilla/5.0 (Macintosh; Intel Mac OS X 10_15_7) AppleWebKit/605.1.15 (KHTML, like Gecko) Version/17.1 Safari/605.1.15"
 - - [03/Nov/2023:10:31:39 +0100] "POST /statistics/experiment/defaultExperimentId/data/plugin/timeseries/timeSeries HTTP/1.1" 200 411 "http://localhost:5000/statistics/?runFilter=fedstellar_DFL_03_11_2023_10_25_45" "Mozilla/5.0 (Macintosh; Intel Mac OS X 10_15_7) AppleWebKit/605.1.15 (KHTML, like Gecko) Version/17.1 Safari/605.1.15"
 - - [03/Nov/2023:10:31:39 +0100] "GET /statistics/data/plugin/timeseries/imageData?imageId=WyJkZWZhdWx0RXhwZXJpbWVudElkIiwiaW1hZ2VzIiwiZmVkc3RlbGxhcl9ERkxfMDNfMTFfMjAyM18xMF8yNV80NS9tZXRyaWNzL3BhcnRpY2lwYW50XzEiLCJUZXN0RXBvY2gvQ00iLDAsMl0 HTTP/1.1" 200 39590 "http://localhost:5000/statistics/?runFilter=fedstellar_DFL_03_11_2023_10_25_45" "Mozilla/5.0 (Macintosh; Intel Mac OS X 10_15_7) AppleWebKit/605.1.15 (KHTML, like Gecko) Version/17.1 Safari/605.1.15"
 - - [03/Nov/2023:10:31:40 +0100] "POST /statistics/experiment/defaultExperimentId/data/plugin/timeseries/timeSeries HTTP/1.1" 200 411 "http://localhost:5000/statistics/?runFilter=fedstellar_DFL_03_11_2023_10_25_45" "Mozilla/5.0 (Macintosh; Intel Mac OS X 10_15_7) AppleWebKit/605.1.15 (KHTML, like Gecko) Version/17.1 Safari/605.1.15"
 - - [03/Nov/2023:10:31:40 +0100] "POST /statistics/experiment/defaultExperimentId/data/plugin/timeseries/timeSeries HTTP/1.1" 200 411 "http://localhost:5000/statistics/?runFilter=fedstellar_DFL_03_11_2023_10_25_45" "Mozilla/5.0 (Macintosh; Intel Mac OS X 10_15_7) AppleWebKit/605.1.15 (KHTML, like Gecko) Version/17.1 Safari/605.1.15"
 - - [03/Nov/2023:10:31:40 +0100] "GET /statistics/data/plugin/timeseries/imageData?imageId=WyJkZWZhdWx0RXhwZXJpbWVudElkIiwiaW1hZ2VzIiwiZmVkc3RlbGxhcl9ERkxfMDNfMTFfMjAyM18xMF8yNV80NS9tZXRyaWNzL3BhcnRpY2lwYW50XzAiLCJUZXN0RXBvY2gvQ00iLDAsMl0 HTTP/1.1" 200 37562 "http://localhost:5000/statistics/?runFilter=fedstellar_DFL_03_11_2023_10_25_45" "Mozilla/5.0 (Macintosh; Intel Mac OS X 10_15_7) AppleWebKit/605.1.15 (KHTML, like Gecko) Version/17.1 Safari/605.1.15"
 - - [03/Nov/2023:10:31:40 +0100] "GET /statistics/data/plugin/timeseries/imageData?imageId=WyJkZWZhdWx0RXhwZXJpbWVudElkIiwiaW1hZ2VzIiwiZmVkc3RlbGxhcl9ERkxfMDNfMTFfMjAyM18xMF8yNV80NS9tZXRyaWNzL3BhcnRpY2lwYW50XzIiLCJUZXN0RXBvY2gvQ00iLDAsMl0 HTTP/1.1" 200 39586 "http://localhost:5000/statistics/?runFilter=fedstellar_DFL_03_11_2023_10_25_45" "Mozilla/5.0 (Macintosh; Intel Mac OS X 10_15_7) AppleWebKit/605.1.15 (KHTML, like Gecko) Version/17.1 Safari/605.1.15"
 - - [03/Nov/2023:10:31:40 +0100] "POST /scenario/fedstellar_DFL_03_11_2023_10_25_45/node/update HTTP/1.1" 200 25 "-" "python-requests/2.31.0"
 - - [03/Nov/2023:10:31:40 +0100] "POST /scenario/fedstellar_DFL_03_11_2023_10_25_45/node/update HTTP/1.1" 200 25 "-" "python-requests/2.31.0"
 - - [03/Nov/2023:10:31:40 +0100] "POST /scenario/fedstellar_DFL_03_11_2023_10_25_45/node/update HTTP/1.1" 200 25 "-" "python-requests/2.31.0"
 - - [03/Nov/2023:10:31:42 +0100] "POST /statistics/experiment/defaultExperimentId/data/plugin/timeseries/timeSeries HTTP/1.1" 200 478 "http://localhost:5000/statistics/?runFilter=fedstellar_DFL_03_11_2023_10_25_45" "Mozilla/5.0 (Macintosh; Intel Mac OS X 10_15_7) AppleWebKit/605.1.15 (KHTML, like Gecko) Version/17.1 Safari/605.1.15"
 - - [03/Nov/2023:10:31:42 +0100] "POST /statistics/experiment/defaultExperimentId/data/plugin/timeseries/timeSeries HTTP/1.1" 200 481 "http://localhost:5000/statistics/?runFilter=fedstellar_DFL_03_11_2023_10_25_45" "Mozilla/5.0 (Macintosh; Intel Mac OS X 10_15_7) AppleWebKit/605.1.15 (KHTML, like Gecko) Version/17.1 Safari/605.1.15"
 - - [03/Nov/2023:10:31:42 +0100] "POST /statistics/experiment/defaultExperimentId/data/plugin/timeseries/timeSeries HTTP/1.1" 200 478 "http://localhost:5000/statistics/?runFilter=fedstellar_DFL_03_11_2023_10_25_45" "Mozilla/5.0 (Macintosh; Intel Mac OS X 10_15_7) AppleWebKit/605.1.15 (KHTML, like Gecko) Version/17.1 Safari/605.1.15"
 - - [03/Nov/2023:10:31:44 +0100] "POST /statistics/experiment/defaultExperimentId/data/plugin/timeseries/timeSeries HTTP/1.1" 200 621 "http://localhost:5000/statistics/?runFilter=fedstellar_DFL_03_11_2023_10_25_45" "Mozilla/5.0 (Macintosh; Intel Mac OS X 10_15_7) AppleWebKit/605.1.15 (KHTML, like Gecko) Version/17.1 Safari/605.1.15"
 - - [03/Nov/2023:10:31:44 +0100] "POST /statistics/experiment/defaultExperimentId/data/plugin/timeseries/timeSeries HTTP/1.1" 200 713 "http://localhost:5000/statistics/?runFilter=fedstellar_DFL_03_11_2023_10_25_45" "Mozilla/5.0 (Macintosh; Intel Mac OS X 10_15_7) AppleWebKit/605.1.15 (KHTML, like Gecko) Version/17.1 Safari/605.1.15"
 - - [03/Nov/2023:10:31:44 +0100] "GET /statistics/data/plugin/timeseries/imageData?imageId=WyJkZWZhdWx0RXhwZXJpbWVudElkIiwiaW1hZ2VzIiwiZmVkc3RlbGxhcl9ERkxfMDNfMTFfMjAyM18xMF8yNV80NS9tZXRyaWNzL3BhcnRpY2lwYW50XzEiLCJUcmFpbkVwb2NoL0NNIiwxLDJd HTTP/1.1" 200 62430 "http://localhost:5000/statistics/?runFilter=fedstellar_DFL_03_11_2023_10_25_45" "Mozilla/5.0 (Macintosh; Intel Mac OS X 10_15_7) AppleWebKit/605.1.15 (KHTML, like Gecko) Version/17.1 Safari/605.1.15"
 - - [03/Nov/2023:10:31:44 +0100] "POST /statistics/experiment/defaultExperimentId/data/plugin/timeseries/timeSeries HTTP/1.1" 200 621 "http://localhost:5000/statistics/?runFilter=fedstellar_DFL_03_11_2023_10_25_45" "Mozilla/5.0 (Macintosh; Intel Mac OS X 10_15_7) AppleWebKit/605.1.15 (KHTML, like Gecko) Version/17.1 Safari/605.1.15"
 - - [03/Nov/2023:10:31:44 +0100] "POST /statistics/experiment/defaultExperimentId/data/plugin/timeseries/timeSeries HTTP/1.1" 200 621 "http://localhost:5000/statistics/?runFilter=fedstellar_DFL_03_11_2023_10_25_45" "Mozilla/5.0 (Macintosh; Intel Mac OS X 10_15_7) AppleWebKit/605.1.15 (KHTML, like Gecko) Version/17.1 Safari/605.1.15"
 - - [03/Nov/2023:10:31:44 +0100] "GET /statistics/data/plugin/timeseries/imageData?imageId=WyJkZWZhdWx0RXhwZXJpbWVudElkIiwiaW1hZ2VzIiwiZmVkc3RlbGxhcl9ERkxfMDNfMTFfMjAyM18xMF8yNV80NS9tZXRyaWNzL3BhcnRpY2lwYW50XzIiLCJUcmFpbkVwb2NoL0NNIiwxLDJd HTTP/1.1" 200 62725 "http://localhost:5000/statistics/?runFilter=fedstellar_DFL_03_11_2023_10_25_45" "Mozilla/5.0 (Macintosh; Intel Mac OS X 10_15_7) AppleWebKit/605.1.15 (KHTML, like Gecko) Version/17.1 Safari/605.1.15"
 - - [03/Nov/2023:10:31:44 +0100] "GET /statistics/data/plugin/timeseries/imageData?imageId=WyJkZWZhdWx0RXhwZXJpbWVudElkIiwiaW1hZ2VzIiwiZmVkc3RlbGxhcl9ERkxfMDNfMTFfMjAyM18xMF8yNV80NS9tZXRyaWNzL3BhcnRpY2lwYW50XzAiLCJUcmFpbkVwb2NoL0NNIiwxLDJd HTTP/1.1" 200 61329 "http://localhost:5000/statistics/?runFilter=fedstellar_DFL_03_11_2023_10_25_45" "Mozilla/5.0 (Macintosh; Intel Mac OS X 10_15_7) AppleWebKit/605.1.15 (KHTML, like Gecko) Version/17.1 Safari/605.1.15"
 - - [03/Nov/2023:10:31:45 +0100] "POST /scenario/fedstellar_DFL_03_11_2023_10_25_45/node/update HTTP/1.1" 200 25 "-" "python-requests/2.31.0"
 - - [03/Nov/2023:10:31:45 +0100] "POST /scenario/fedstellar_DFL_03_11_2023_10_25_45/node/update HTTP/1.1" 200 25 "-" "python-requests/2.31.0"
 - - [03/Nov/2023:10:31:45 +0100] "POST /scenario/fedstellar_DFL_03_11_2023_10_25_45/node/update HTTP/1.1" 200 25 "-" "python-requests/2.31.0"
 - - [03/Nov/2023:10:31:49 +0100] "GET /scenario/ HTTP/1.1" 200 15834 "http://localhost:5000/scenario/fedstellar_DFL_03_11_2023_10_25_45/statistics/" "Mozilla/5.0 (Macintosh; Intel Mac OS X 10_15_7) AppleWebKit/605.1.15 (KHTML, like Gecko) Version/17.1 Safari/605.1.15"
 - - [03/Nov/2023:10:31:50 +0100] "POST /scenario/fedstellar_DFL_03_11_2023_10_25_45/node/update HTTP/1.1" 200 25 "-" "python-requests/2.31.0"
 - - [03/Nov/2023:10:31:50 +0100] "POST /scenario/fedstellar_DFL_03_11_2023_10_25_45/node/update HTTP/1.1" 200 25 "-" "python-requests/2.31.0"
 - - [03/Nov/2023:10:31:50 +0100] "POST /scenario/fedstellar_DFL_03_11_2023_10_25_45/node/update HTTP/1.1" 200 25 "-" "python-requests/2.31.0"
 - - [03/Nov/2023:10:31:58 +0100] "GET /scenario/fedstellar_DFL_03_11_2023_10_25_45/stop HTTP/1.1" 302 207 "http://localhost:5000/scenario/" "Mozilla/5.0 (Macintosh; Intel Mac OS X 10_15_7) AppleWebKit/605.1.15 (KHTML, like Gecko) Version/17.1 Safari/605.1.15"
 - - [03/Nov/2023:10:31:58 +0100] "GET /scenario/ HTTP/1.1" 200 15578 "http://localhost:5000/scenario/" "Mozilla/5.0 (Macintosh; Intel Mac OS X 10_15_7) AppleWebKit/605.1.15 (KHTML, like Gecko) Version/17.1 Safari/605.1.15"
 - - [03/Nov/2023:10:32:28 +0100] "GET /scenario/fedstellar_DFL_03_11_2023_10_25_45/remove HTTP/1.1" 302 207 "http://localhost:5000/scenario/" "Mozilla/5.0 (Macintosh; Intel Mac OS X 10_15_7) AppleWebKit/605.1.15 (KHTML, like Gecko) Version/17.1 Safari/605.1.15"
 - - [03/Nov/2023:10:32:28 +0100] "GET /scenario/ HTTP/1.1" 200 13389 "http://localhost:5000/scenario/" "Mozilla/5.0 (Macintosh; Intel Mac OS X 10_15_7) AppleWebKit/605.1.15 (KHTML, like Gecko) Version/17.1 Safari/605.1.15"
 - - [03/Nov/2023:10:32:28 +0100] "GET /scenario/ HTTP/1.1" 200 13389 "http://localhost:5000/scenario/" "Mozilla/5.0 (Macintosh; Intel Mac OS X 10_15_7) AppleWebKit/605.1.15 (KHTML, like Gecko) Version/17.1 Safari/605.1.15"
